Change Component Designator: OldDesignator=U? NewDesignator=U3
Added Component: Designator=C7(CAPE_E)
Added Component: Designator=C8(CAPE_E)
Added Component: Designator=P4(XH2.54-WS-8P)
Added Pin To Net: NetName=VCC Pin=C7-1
Added Pin To Net: NetName=GND Pin=C7-2
Added Pin To Net: NetName=+5 Pin=C8-1
Added Pin To Net: NetName=GND Pin=C8-2
Added Pin To Net: NetName=GND Pin=P4-3
Added Pin To Net: NetName=GND Pin=P4-4
Added Pin To Net: NetName=+5 Pin=P4-5
Added Pin To Net: NetName=+5 Pin=P4-6
Added Pin To Net: NetName=VCC Pin=P4-7
Added Pin To Net: NetName=VCC Pin=P4-8
Added Pin To Net: NetName=SCL Pin=P4-2
Added Net: Name=SCL
Added Pin To Net: NetName=SDA Pin=P4-1
Added Net: Name=SDA
Added Member To Class: ClassName=Sheet1_Analog Member=Component C7 220UF
Added Member To Class: ClassName=Sheet1_Analog Member=Component C8 220UF
Added Member To Class: ClassName=Sheet1_Analog Member=Component P4 Bird
Added Room: Name=Sheet1_Analog
