Change Component Designator: OldDesignator=C1 NewDesignator=C2
Change Component Designator: OldDesignator=C2 NewDesignator=C3
Change Component Designator: OldDesignator=C3 NewDesignator=C4
Change Component Designator: OldDesignator=C4 NewDesignator=C5
Change Component Designator: OldDesignator=C5 NewDesignator=C6
Change Component Designator: OldDesignator=C6 NewDesignator=C7
Change Component Designator: OldDesignator=C7 NewDesignator=C8
Change Component Designator: OldDesignator=C8 NewDesignator=C9
Change Component Designator: OldDesignator=D1 NewDesignator=D2
Change Component Designator: OldDesignator=D2 NewDesignator=D3
Change Component Designator: OldDesignator=RQ1 NewDesignator=RQ3
Change Component Designator: OldDesignator=RQ2 NewDesignator=RQ4
Change Component Designator: OldDesignator=RQ3 NewDesignator=RQ5
Change Component Designator: OldDesignator=RQ4 NewDesignator=RQ6
Change Component Designator: OldDesignator=U1 NewDesignator=U2
Change Component Designator: OldDesignator=U2 NewDesignator=U3
Change Component Designator: OldDesignator=U3 NewDesignator=U4
Change Component Designator: OldDesignator=U4 NewDesignator=U5
Added Component: Designator=C1(CAP_0603)
Added Component: Designator=D1(DIODE-SMB)
Added Component: Designator=L1(Inductance_nr)
Add component (AddParameter): Name = "Code_IEC"; Value = "1005"; VariantName = "[No Variations]"
Add component (AddParameter): Name = "Code_JEITA"; Value = "0402"; VariantName = "[No Variations]"
Add component (AddParameter): Name = "LatestRevisionDate"; Value = "29-May-2009"; VariantName = "[No Variations]"
Add component (AddParameter): Name = "LatestRevisionNote"; Value = "IPC-7351 Footprint Added."; VariantName = "[No Variations]"
Add component (AddParameter): Name = "PackageDescription"; Value = "Chip Inductor"; VariantName = "[No Variations]"
Add component (AddParameter): Name = "PackageReference"; Value = "0402-A"; VariantName = "[No Variations]"
Add component (AddParameter): Name = "Published"; Value = "8-Jun-2000"; VariantName = "[No Variations]"
Add component (AddParameter): Name = "Publisher"; Value = "Altium Limited"; VariantName = "[No Variations]"
Added Component: Designator=RQ1(RESC_0603_2)
Added Component: Designator=RQ2(RESC_0603_2)
Added Component: Designator=U1(SOIC_8E)
Added Pin To Net: NetName=GND Pin=D1-2
Added Pin To Net: NetName=+5 Pin=L1-1
Added Pin To Net: NetName=+5 Pin=RQ1-1
Added Pin To Net: NetName=GND Pin=RQ2-1
Added Pin To Net: NetName=GND Pin=U1-6
Added Pin To Net: NetName=VCC Pin=U1-7
Added Pin To Net: NetName=GND Pin=U1-9
Added Pin To Net: NetName=NetC1_1 Pin=C1-1
Added Pin To Net: NetName=NetC1_1 Pin=D1-1
Added Pin To Net: NetName=NetC1_1 Pin=U1-8
Added Net: Name=NetC1_1
Added Pin To Net: NetName=NetC1_2 Pin=C1-2
Added Pin To Net: NetName=NetC1_2 Pin=L1-2
Added Pin To Net: NetName=NetC1_2 Pin=U1-1
Added Net: Name=NetC1_2
Added Pin To Net: NetName=NetRQ1_2 Pin=RQ1-2
Added Pin To Net: NetName=NetRQ1_2 Pin=RQ2-2
Added Pin To Net: NetName=NetRQ1_2 Pin=U1-4
Added Net: Name=NetRQ1_2
Added Member To Class: ClassName=Sheet1_Analog Member=Component C9 220UF
Added Member To Class: ClassName=Sheet1_Analog Member=Component D3 B5819W
Added Member To Class: ClassName=Sheet1_Analog Member=Component L1 2.2UH
Added Member To Class: ClassName=Sheet1_Analog Member=Component RQ5 1k
Added Member To Class: ClassName=Sheet1_Analog Member=Component RQ6 10k
Added Member To Class: ClassName=Sheet1_Analog Member=Component U5 USB-OUT
Added Room: Name=Sheet1_Analog
