Removed Pin From Net: NetName=VIN Pin=P1-0
Removed Pin From Net: NetName=VCC Pin=P6-1
Change Component Footprint: Designator=K1 Old Footprint=KEY_SMD_S_2P New Footprint=KEY-C-Side-3
Change Component Footprint: Designator=K2 Old Footprint=KEY_SMD_S_2P New Footprint=KEY-C-Side-3
Added Component: Designator=C?(CAP_0603)
Added Component: Designator=C?(CAP_0603)
Added Component: Designator=C?(CAP_6032_C)
Added Component: Designator=C?(CAP_0603)
Added Component: Designator=C?(CAP_6032_C)
Added Component: Designator=C?(CAP_0603)
Added Component: Designator=C?(CAP_0603)
Added Component: Designator=L?(Inductor_0603)
Add component (AddParameter): Name = "Code_IEC"; Value = "1005"; VariantName = "[No Variations]"
Add component (AddParameter): Name = "Code_JEITA"; Value = "0402"; VariantName = "[No Variations]"
Add component (AddParameter): Name = "LatestRevisionDate"; Value = "29-May-2009"; VariantName = "[No Variations]"
Add component (AddParameter): Name = "LatestRevisionNote"; Value = "IPC-7351 Footprint Added."; VariantName = "[No Variations]"
Add component (AddParameter): Name = "PackageDescription"; Value = "Chip Inductor"; VariantName = "[No Variations]"
Add component (AddParameter): Name = "PackageReference"; Value = "0402-A"; VariantName = "[No Variations]"
Add component (AddParameter): Name = "Published"; Value = "8-Jun-2000"; VariantName = "[No Variations]"
Add component (AddParameter): Name = "Publisher"; Value = "Altium Limited"; VariantName = "[No Variations]"
Added Component: Designator=R?(RESC_0603_2)
Added Component: Designator=U?(SOT23_5)
Added Pin To Net: NetName=GND Pin=C?-1
Added Pin To Net: NetName=GND Pin=C?-1
Added Pin To Net: NetName=GND Pin=C?-1
Added Pin To Net: NetName=GND Pin=C?-1
Added Pin To Net: NetName=GND Pin=C?-1
Added Pin To Net: NetName=VDD Pin=C?-1
Added Pin To Net: NetName=+5 Pin=C?-2
Added Pin To Net: NetName=+5 Pin=C?-2
Added Pin To Net: NetName=GND Pin=C?-2
Added Pin To Net: NetName=GND Pin=C?-2
Added Pin To Net: NetName=VCC Pin=C?-2
Added Pin To Net: NetName=VDD Pin=C?-2
Added Pin To Net: NetName=VDD Pin=C?-2
Added Pin To Net: NetName=+5 Pin=L?-1
Added Pin To Net: NetName=VDD Pin=R?-2
Added Pin To Net: NetName=GND Pin=U?-2
Added Pin To Net: NetName=VDD Pin=U?-5
Added Pin To Net: NetName=NetC?_1 Pin=C?-1
Added Pin To Net: NetName=NetC?_1 Pin=L?-2
Added Pin To Net: NetName=NetC?_1 Pin=U?-1
Added Net: Name=NetC?_1
Added Pin To Net: NetName=NetR?_1 Pin=R?-1
Added Pin To Net: NetName=NetR?_1 Pin=U?-4
Added Net: Name=NetR?_1
Added Member To Class: ClassName=Sheet1_Analog Member=Component C? 100NF
Added Member To Class: ClassName=Sheet1_Analog Member=Component C? 100NF
Added Member To Class: ClassName=Sheet1_Analog Member=Component C? 100UF
Added Member To Class: ClassName=Sheet1_Analog Member=Component C? 100NF
Added Member To Class: ClassName=Sheet1_Analog Member=Component C? 100UF
Added Member To Class: ClassName=Sheet1_Analog Member=Component C? 100NF
Added Member To Class: ClassName=Sheet1_Analog Member=Component C? 100NF
Added Member To Class: ClassName=Sheet1_Analog Member=Component L? ¥≈÷È
Added Member To Class: ClassName=Sheet1_Analog Member=Component R? 10K
Added Member To Class: ClassName=Sheet1_Analog Member=Component U? LDO
Added Room: Name=Sheet1_Analog
